<?xml version="1.0" encoding="UTF-8"?>
<testng-results ignored="0" total="1" passed="1" failed="0" skipped="0">
  <reporter-output>
  </reporter-output>
  <suite started-at="2026-01-04T12:55:04 IST" name="SEOtest" finished-at="2026-01-04T12:55:34 IST" duration-ms="29407">
    <groups>
    </groups>
    <test started-at="2026-01-04T12:55:04 IST" name="perform Broken Valid Links Test and Domain Test and Anchoe tag test" finished-at="2026-01-04T12:55:34 IST" duration-ms="29407">
      <class name="SEOtest.SEOtestc">
        <test-method is-config="true" signature="Setup()[pri:0, instance:SEOtest.SEOtestc@4c178a76]" started-at="2026-01-04T12:55:00 IST" name="Setup" finished-at="2026-01-04T12:55:04 IST" duration-ms="3723" status="PASS">
          <reporter-output>
          </reporter-output>
        </test-method> <!-- Setup -->
        <test-method is-config="true" signature="setValidation_For_Reports(org.testng.ITestResult)[pri:0, instance:SEOtest.SEOtestc@4c178a76]" started-at="2026-01-04T12:55:04 IST" name="setValidation_For_Reports" finished-at="2026-01-04T12:55:04 IST" duration-ms="3" status="PASS">
          <params>
            <param index="0">
              <value>
                <![CDATA[[TestResult name={null} status=CREATED method=SEOtestc.Test1()[pri:1, instance:SEOtest.SEOtestc@4c178a76] output={null}]]]>
              </value>
            </param>
          </params>
          <reporter-output>
          </reporter-output>
        </test-method> <!-- setValidation_For_Reports -->
        <test-method signature="Test1()[pri:1, instance:SEOtest.SEOtestc@4c178a76]" started-at="2026-01-04T12:55:04 IST" name="Test1" finished-at="2026-01-04T12:55:34 IST" duration-ms="29360" status="PASS">
          <reporter-output>
          </reporter-output>
        </test-method> <!-- Test1 -->
        <test-method is-config="true" signature="TearDown()[pri:0, instance:SEOtest.SEOtestc@4c178a76]" started-at="2026-01-04T12:55:34 IST" name="TearDown" finished-at="2026-01-04T12:55:34 IST" duration-ms="209" status="PASS">
          <reporter-output>
          </reporter-output>
        </test-method> <!-- TearDown -->
      </class> <!-- SEOtest.SEOtestc -->
    </test> <!-- perform Broken Valid Links Test and Domain Test and Anchoe tag test -->
  </suite> <!-- SEOtest -->
</testng-results>
