<?xml version="1.0" encoding="UTF-8"?>
<!-- Generated by org.testng.reporters.JUnitReportReporter -->
<testsuite hostname="sid0610" failures="0" tests="3" name="TestNg.dataproviderdemo" time="53.086" errors="0" timestamp="2025-12-28T12:45:05 IST" skipped="0">
  <testcase classname="TestNg.dataproviderdemo" name="loginformTest" time="17.784"/>
  <testcase classname="TestNg.dataproviderdemo" name="loginformTest" time="17.663"/>
  <testcase classname="TestNg.dataproviderdemo" name="loginformTest" time="17.639"/>
</testsuite> <!-- TestNg.dataproviderdemo -->
